mode: atomic
json-parser/internal/parser/parser.go:16.40,18.2 1 0
json-parser/internal/parser/parser.go:20.44,23.2 1 0
json-parser/internal/parser/parser.go:25.52,27.6 2 0
json-parser/internal/parser/parser.go:27.6,29.45 2 0
json-parser/internal/parser/parser.go:29.45,30.9 1 0
json-parser/internal/parser/parser.go:32.3,32.41 1 0
json-parser/internal/parser/parser.go:32.41,34.4 1 0
json-parser/internal/parser/parser.go:36.3,37.42 2 0
json-parser/internal/parser/parser.go:37.42,39.4 1 0
json-parser/internal/parser/parser.go:41.3,42.17 2 0
json-parser/internal/parser/parser.go:42.17,44.4 1 0
json-parser/internal/parser/parser.go:46.3,49.47 3 0
json-parser/internal/parser/parser.go:49.47,50.9 1 0
json-parser/internal/parser/parser.go:52.3,52.42 1 0
json-parser/internal/parser/parser.go:52.42,54.4 1 0
json-parser/internal/parser/parser.go:56.2,56.17 1 0
json-parser/internal/parser/parser.go:59.50,61.6 2 0
json-parser/internal/parser/parser.go:61.6,63.17 2 0
json-parser/internal/parser/parser.go:63.17,65.4 1 0
json-parser/internal/parser/parser.go:66.3,69.49 3 0
json-parser/internal/parser/parser.go:69.49,70.9 1 0
json-parser/internal/parser/parser.go:72.3,72.42 1 0
json-parser/internal/parser/parser.go:72.42,74.4 1 0
json-parser/internal/parser/parser.go:76.2,76.17 1 0
json-parser/internal/parser/parser.go:79.35,84.2 3 0
json-parser/internal/ast/ast.go:16.37,18.2 1 1
json-parser/internal/ast/ast.go:24.37,26.2 1 1
json-parser/internal/ast/ast.go:32.35,34.2 1 1
json-parser/internal/ast/ast.go:38.35,40.2 1 1
json-parser/internal/parser/parser.go:16.40,18.2 1 13
json-parser/internal/parser/parser.go:20.44,23.2 1 13
json-parser/internal/parser/parser.go:25.52,27.6 2 0
json-parser/internal/parser/parser.go:27.6,29.45 2 0
json-parser/internal/parser/parser.go:29.45,30.9 1 0
json-parser/internal/parser/parser.go:32.3,32.41 1 0
json-parser/internal/parser/parser.go:32.41,34.4 1 0
json-parser/internal/parser/parser.go:36.3,37.42 2 0
json-parser/internal/parser/parser.go:37.42,39.4 1 0
json-parser/internal/parser/parser.go:41.3,42.17 2 0
json-parser/internal/parser/parser.go:42.17,44.4 1 0
json-parser/internal/parser/parser.go:46.3,49.47 3 0
json-parser/internal/parser/parser.go:49.47,50.9 1 0
json-parser/internal/parser/parser.go:52.3,52.42 1 0
json-parser/internal/parser/parser.go:52.42,54.4 1 0
json-parser/internal/parser/parser.go:56.2,56.17 1 0
json-parser/internal/parser/parser.go:59.50,61.6 2 0
json-parser/internal/parser/parser.go:61.6,63.17 2 0
json-parser/internal/parser/parser.go:63.17,65.4 1 0
json-parser/internal/parser/parser.go:66.3,69.49 3 0
json-parser/internal/parser/parser.go:69.49,70.9 1 0
json-parser/internal/parser/parser.go:72.3,72.42 1 0
json-parser/internal/parser/parser.go:72.42,74.4 1 0
json-parser/internal/parser/parser.go:76.2,76.17 1 0
json-parser/internal/parser/parser.go:79.35,84.2 3 0
json-parser/pkg/json/json.go:11.44,15.16 4 0
json-parser/pkg/json/json.go:15.16,17.3 1 0
json-parser/pkg/json/json.go:18.2,18.25 1 0
json-parser/pkg/json/json.go:18.25,20.3 1 0
json-parser/pkg/json/json.go:21.2,21.18 1 0
json-parser/pkg/json/parser.go:11.48,15.16 4 13
json-parser/pkg/json/parser.go:15.16,17.3 1 0
json-parser/pkg/json/parser.go:18.2,18.25 1 13
json-parser/pkg/json/parser.go:18.25,20.3 1 13
json-parser/pkg/json/parser.go:21.2,21.18 1 0
json-parser/internal/lexer/lexer.go:39.36,43.2 3 1
json-parser/internal/lexer/lexer.go:45.28,46.36 1 1
json-parser/internal/lexer/lexer.go:46.36,48.3 1 0
json-parser/internal/lexer/lexer.go:48.8,50.3 1 1
json-parser/internal/lexer/lexer.go:51.2,54.18 3 1
json-parser/internal/lexer/lexer.go:54.18,57.3 2 0
json-parser/internal/lexer/lexer.go:57.8,59.3 1 1
json-parser/internal/lexer/lexer.go:64.35,67.32 2 10
json-parser/internal/lexer/lexer.go:67.32,69.3 1 1
json-parser/internal/lexer/lexer.go:71.2,71.29 1 9
json-parser/internal/lexer/lexer.go:72.11,74.49 2 1
json-parser/internal/lexer/lexer.go:75.11,77.50 2 1
json-parser/internal/lexer/lexer.go:78.11,80.51 2 0
json-parser/internal/lexer/lexer.go:81.11,83.52 2 0
json-parser/internal/lexer/lexer.go:84.11,86.45 2 1
json-parser/internal/lexer/lexer.go:87.11,89.45 2 2
json-parser/internal/lexer/lexer.go:90.11,91.24 1 3
json-parser/internal/lexer/lexer.go:94.2,94.78 1 1
json-parser/internal/lexer/lexer.go:94.78,96.3 1 1
json-parser/internal/lexer/lexer.go:98.2,98.24 1 0
json-parser/internal/lexer/lexer.go:101.34,102.78 1 10
json-parser/internal/lexer/lexer.go:102.78,104.3 1 3
json-parser/internal/lexer/lexer.go:107.36,110.62 3 3
json-parser/internal/lexer/lexer.go:110.62,111.65 1 12
json-parser/internal/lexer/lexer.go:111.65,113.4 1 0
json-parser/internal/lexer/lexer.go:114.3,114.15 1 12
json-parser/internal/lexer/lexer.go:116.2,116.32 1 3
json-parser/internal/lexer/lexer.go:116.32,118.3 1 0
json-parser/internal/lexer/lexer.go:119.2,121.47 3 3
json-parser/internal/lexer/lexer.go:124.36,126.230 2 1
json-parser/internal/lexer/lexer.go:126.230,128.3 1 2
json-parser/internal/lexer/lexer.go:129.2,129.67 1 1
json-parser/internal/lexer/lexer.go:132.37,134.79 2 0
json-parser/internal/lexer/lexer.go:134.79,136.3 1 0
json-parser/internal/lexer/lexer.go:137.2,138.15 2 0
json-parser/internal/lexer/lexer.go:139.14,140.46 1 0
json-parser/internal/lexer/lexer.go:141.15,142.47 1 0
json-parser/internal/lexer/lexer.go:143.14,144.46 1 0
json-parser/internal/lexer/lexer.go:145.10,147.48 1 0
json-parser/internal/lexer/lexer.go:153.38,155.2 1 0
json-parser/internal/parser/parser.go:16.40,18.2 1 11
json-parser/internal/parser/parser.go:20.44,23.2 1 11
json-parser/internal/parser/parser.go:25.52,27.6 2 0
json-parser/internal/parser/parser.go:27.6,29.45 2 0
json-parser/internal/parser/parser.go:29.45,30.9 1 0
json-parser/internal/parser/parser.go:32.3,32.41 1 0
json-parser/internal/parser/parser.go:32.41,34.4 1 0
json-parser/internal/parser/parser.go:36.3,37.42 2 0
json-parser/internal/parser/parser.go:37.42,39.4 1 0
json-parser/internal/parser/parser.go:41.3,42.17 2 0
json-parser/internal/parser/parser.go:42.17,44.4 1 0
json-parser/internal/parser/parser.go:46.3,49.47 3 0
json-parser/internal/parser/parser.go:49.47,50.9 1 0
json-parser/internal/parser/parser.go:52.3,52.42 1 0
json-parser/internal/parser/parser.go:52.42,54.4 1 0
json-parser/internal/parser/parser.go:56.2,56.17 1 0
json-parser/internal/parser/parser.go:59.50,61.6 2 0
json-parser/internal/parser/parser.go:61.6,63.17 2 0
json-parser/internal/parser/parser.go:63.17,65.4 1 0
json-parser/internal/parser/parser.go:66.3,69.49 3 0
json-parser/internal/parser/parser.go:69.49,70.9 1 0
json-parser/internal/parser/parser.go:72.3,72.42 1 0
json-parser/internal/parser/parser.go:72.42,74.4 1 0
json-parser/internal/parser/parser.go:76.2,76.17 1 0
json-parser/internal/parser/parser.go:79.35,84.2 3 0
json-parser/cmd/main.go:16.13,23.22 4 0
json-parser/cmd/main.go:23.22,39.3 13 0
json-parser/cmd/main.go:41.2,44.36 2 0
json-parser/cmd/main.go:44.36,47.3 2 0
json-parser/cmd/main.go:49.2,50.21 2 0
json-parser/cmd/main.go:50.21,52.3 1 0
json-parser/cmd/main.go:52.8,52.28 1 0
json-parser/cmd/main.go:52.28,54.3 1 0
json-parser/cmd/main.go:54.8,58.3 3 0
json-parser/cmd/main.go:60.2,61.16 2 0
json-parser/cmd/main.go:61.16,64.3 2 0
json-parser/cmd/main.go:66.2,68.16 3 0
json-parser/cmd/main.go:68.16,71.3 2 0
json-parser/cmd/main.go:73.2,73.22 1 0
json-parser/cmd/main.go:73.22,76.17 2 0
json-parser/cmd/main.go:76.17,79.4 2 0
json-parser/cmd/main.go:80.3,80.20 1 0
json-parser/cmd/main.go:81.8,84.3 1 0
json-parser/cmd/main.go:87.69,91.29 3 0
json-parser/cmd/main.go:91.29,94.17 3 0
json-parser/cmd/main.go:94.17,96.4 1 0
json-parser/cmd/main.go:99.2,99.21 1 0
json-parser/cmd/main.go:102.40,107.29 4 0
json-parser/cmd/main.go:107.29,108.18 1 0
json-parser/cmd/main.go:108.18,110.4 1 0
json-parser/cmd/main.go:111.3,111.18 1 0
json-parser/cmd/main.go:111.18,113.4 1 0
json-parser/cmd/main.go:114.3,114.32 1 0
json-parser/cmd/main.go:114.32,115.25 1 0
json-parser/cmd/main.go:115.25,118.5 2 0
json-parser/cmd/main.go:119.9,121.4 1 0
json-parser/cmd/main.go:123.2,123.23 1 0
json-parser/cmd/main.go:123.23,125.3 1 0
json-parser/cmd/main.go:126.2,126.14 1 0
json-parser/cmd/main.go:129.70,130.34 1 0
json-parser/cmd/main.go:130.34,132.3 1 0
json-parser/cmd/main.go:133.2,133.65 1 0
json-parser/cmd/main.go:133.65,135.3 1 0
json-parser/cmd/main.go:136.2,136.26 1 0
json-parser/cmd/main.go:137.30,138.18 1 0
json-parser/cmd/main.go:138.18,140.4 1 0
json-parser/cmd/main.go:141.3,141.31 1 0
json-parser/cmd/main.go:141.31,143.4 1 0
json-parser/cmd/main.go:144.3,144.52 1 0
json-parser/cmd/main.go:145.21,146.18 1 0
json-parser/cmd/main.go:146.18,148.4 1 0
json-parser/cmd/main.go:149.3,149.65 1 0
json-parser/cmd/main.go:150.10,151.59 1 0
json-parser/cmd/main.go:155.75,156.26 1 0
json-parser/cmd/main.go:157.30,158.31 1 0
json-parser/cmd/main.go:158.31,160.4 1 0
json-parser/cmd/main.go:161.3,161.58 1 0
json-parser/cmd/main.go:162.10,163.75 1 0
json-parser/cmd/main.go:167.82,172.26 4 0
json-parser/cmd/main.go:173.30,174.21 1 0
json-parser/cmd/main.go:174.21,175.36 1 0
json-parser/cmd/main.go:175.36,177.5 1 0
json-parser/cmd/main.go:178.4,178.57 1 0
json-parser/cmd/main.go:180.3,180.40 1 0
json-parser/cmd/main.go:181.21,182.21 1 0
json-parser/cmd/main.go:182.21,184.4 1 0
json-parser/cmd/main.go:185.3,185.40 1 0
json-parser/cmd/main.go:186.10,187.75 1 0
json-parser/cmd/main.go:191.80,192.55 1 0
json-parser/cmd/main.go:192.55,194.3 1 0
json-parser/cmd/main.go:195.2,195.48 1 0
json-parser/cmd/main.go:198.74,199.26 1 0
json-parser/cmd/main.go:200.21,201.35 1 0
json-parser/cmd/main.go:201.35,203.4 1 0
json-parser/cmd/main.go:204.3,204.65 1 0
json-parser/cmd/main.go:205.10,206.74 1 0
json-parser/cmd/main.go:210.86,213.20 3 0
json-parser/cmd/main.go:213.20,215.3 1 0
json-parser/cmd/main.go:217.2,220.26 3 0
json-parser/cmd/main.go:221.21,223.26 2 0
json-parser/cmd/main.go:223.26,224.71 1 0
json-parser/cmd/main.go:224.71,226.5 1 0
json-parser/cmd/main.go:228.3,228.21 1 0
json-parser/cmd/main.go:229.30,230.67 1 0
json-parser/cmd/main.go:230.67,232.4 1 0
json-parser/cmd/main.go:233.3,233.18 1 0
json-parser/cmd/main.go:234.10,235.71 1 0
json-parser/cmd/main.go:239.80,241.34 2 0
json-parser/cmd/main.go:241.34,243.10 2 0
json-parser/cmd/main.go:243.10,245.4 1 0
json-parser/cmd/main.go:246.3,246.32 1 0
json-parser/cmd/main.go:247.8,249.3 1 0
json-parser/cmd/main.go:251.2,251.12 1 0
json-parser/cmd/main.go:252.11,253.52 1 0
json-parser/cmd/main.go:254.12,255.52 1 0
json-parser/cmd/main.go:256.11,257.50 1 0
json-parser/cmd/main.go:258.12,259.51 1 0
json-parser/cmd/main.go:260.11,261.50 1 0
json-parser/cmd/main.go:262.12,263.51 1 0
json-parser/cmd/main.go:264.10,265.59 1 0
json-parser/cmd/main.go:269.42,273.32 3 0
json-parser/cmd/main.go:273.32,274.22 1 0
json-parser/cmd/main.go:274.22,276.4 1 0
json-parser/cmd/main.go:276.9,276.29 1 0
json-parser/cmd/main.go:276.29,278.4 1 0
json-parser/cmd/main.go:279.3,279.11 1 0
json-parser/cmd/main.go:282.2,284.36 3 0
json-parser/cmd/main.go:287.34,289.16 2 0
json-parser/cmd/main.go:289.16,292.3 2 0
json-parser/cmd/main.go:294.2,295.26 2 0
json-parser/cmd/main.go:298.42,304.36 5 0
json-parser/cmd/main.go:304.36,306.10 2 0
json-parser/cmd/main.go:307.20,308.37 1 0
json-parser/cmd/main.go:308.37,310.18 2 0
json-parser/cmd/main.go:310.18,312.6 1 0
json-parser/cmd/main.go:313.5,313.14 1 0
json-parser/cmd/main.go:313.14,315.6 1 0
json-parser/cmd/main.go:315.11,317.6 1 0
json-parser/cmd/main.go:319.17,320.13 1 0
json-parser/cmd/main.go:320.13,322.5 1 0
json-parser/cmd/main.go:322.10,324.5 1 0
json-parser/cmd/main.go:325.20,328.23 3 0
json-parser/cmd/main.go:328.23,330.5 1 0
json-parser/cmd/main.go:331.65,334.18 3 0
json-parser/cmd/main.go:335.65,336.56 1 0
json-parser/cmd/main.go:337.62,339.10 2 0
json-parser/cmd/main.go:340.63,342.10 2 0
json-parser/cmd/main.go:343.62,345.10 2 0
json-parser/cmd/main.go:346.20,349.18 3 0
json-parser/cmd/main.go:350.11,351.26 1 0
json-parser/cmd/main.go:355.2,355.24 1 0
